<?xml version="1.0" encoding="UTF-8"?>
<!-- Generated by org.testng.reporters.JUnitXMLReporter -->
<testsuite ignored="0" hostname="Chandrra_Prasd" failures="0" tests="3" name="Default test" time="37.805" errors="0" timestamp="2024-02-27T19:42:16 IST">
  <testcase classname="withoutFrameworkTesting.standAloneUItesting" name="EcommerceUItesting" time="7.568"/>
  <testcase classname="withoutFrameworkTesting.standAloneUItesting" name="EcommerceUItesting" time="7.242"/>
  <testcase classname="withoutFrameworkTesting.standAloneUItesting" name="orderPageValidation" time="2.606"/>
</testsuite> <!-- Default test -->
