<?xml version="1.0" encoding="UTF-8"?>
<!-- Generated by org.testng.reporters.JUnitXMLReporter -->
<testsuite ignored="10" hostname="Chandrra_Prasd" failures="0" tests="3" name="PackagesList" time="0.063" errors="0" timestamp="2024-02-12T15:45:05 IST">
  <testcase classname="TestNG.AnnotationPractise" name="login" time="0.021"/>
  <testcase classname="TestNG.AnnotationPractise1" name="jaguar" time="0.002"/>
  <testcase classname="TestNG.AnnotationPractise2" name="bseStockMarket" time="0.002"/>
  <testcase classname="TestNG.AnnotationPractise" name="composeGmail2" time="0.0">
    <ignored/>
  </testcase> <!-- composeGmail2 -->
  <testcase classname="TestNG.AnnotationPractise1" name="ferrari" time="0.0">
    <ignored/>
  </testcase> <!-- ferrari -->
  <testcase classname="TestNG.AnnotationPractise" name="composeGmail1" time="0.0">
    <ignored/>
  </testcase> <!-- composeGmail1 -->
  <testcase classname="TestNG.AnnotationPractise" name="composeGmail3" time="0.0">
    <ignored/>
  </testcase> <!-- composeGmail3 -->
  <testcase classname="TestNG.AnnotationPractise" name="homePage" time="0.0">
    <ignored/>
  </testcase> <!-- homePage -->
  <testcase classname="TestNG.AnnotationPractise" name="composeGmail4" time="0.0">
    <ignored/>
  </testcase> <!-- composeGmail4 -->
  <testcase classname="TestNG.AnnotationPractise" name="composeGmail" time="0.0">
    <ignored/>
  </testcase> <!-- composeGmail -->
  <testcase classname="TestNG.AnnotationPractise2" name="dowJon" time="0.0">
    <ignored/>
  </testcase> <!-- dowJon -->
  <testcase classname="TestNG.AnnotationPractise2" name="KseStockMarket" time="0.0">
    <ignored/>
  </testcase> <!-- KseStockMarket -->
  <testcase classname="TestNG.AnnotationPractise1" name="maruti" time="0.0">
    <ignored/>
  </testcase> <!-- maruti -->
</testsuite> <!-- PackagesList -->
