<?xml version="1.0" encoding="UTF-8"?>
<!-- Generated by org.testng.reporters.JUnitXMLReporter -->
<testsuite ignored="4" hostname="Chandrra_Prasd" failures="0" tests="2" name="Test1" time="0.069" errors="0" timestamp="2024-02-12T15:56:50 IST">
  <testcase classname="TestNG.AnnotationPractise1" name="jaguar" time="0.016"/>
  <testcase classname="TestNG.AnnotationPractise2" name="bseStockMarket" time="0.003"/>
  <testcase classname="TestNG.AnnotationPractise1" name="ferrari" time="0.0">
    <ignored/>
  </testcase> <!-- ferrari -->
  <testcase classname="TestNG.AnnotationPractise2" name="dowJon" time="0.0">
    <ignored/>
  </testcase> <!-- dowJon -->
  <testcase classname="TestNG.AnnotationPractise2" name="KseStockMarket" time="0.0">
    <ignored/>
  </testcase> <!-- KseStockMarket -->
  <testcase classname="TestNG.AnnotationPractise1" name="maruti" time="0.0">
    <ignored/>
  </testcase> <!-- maruti -->
</testsuite> <!-- Test1 -->
