<?xml version="1.0" encoding="UTF-8"?>
<!-- Generated by org.testng.reporters.JUnitXMLReporter -->
<testsuite ignored="0" hostname="Chandrra_Prasd" failures="0" tests="5" name="Test" time="4.755" errors="0" timestamp="2024-05-20T20:22:04 IST">
  <testcase classname="UtilityClass.BaseTest" name="@BeforeMethod launchApplication" time="3.171">
    <failure type="org.openqa.selenium.SessionNotCreatedException" message="session not created: This version of ChromeDriver only supports Chrome version 121
Current browser version is 124.0.6367.209 with binary path C:\Program Files\Google\Chrome\Application\chrome.exe
Build info: version: &amp;apos;3.141.59&amp;apos;, revision: &amp;apos;e82be7d358&amp;apos;, time: &amp;apos;2018-11-14T08:17:03&amp;apos;
System info: host: &amp;apos;CHANDRRA_PRASD&amp;apos;, ip: &amp;apos;192.168.31.10&amp;apos;, os.name: &amp;apos;Windows 11&amp;apos;, os.arch: &amp;apos;amd64&amp;apos;, os.version: &amp;apos;10.0&amp;apos;, java.version: &amp;apos;21.0.1&amp;apos;
Driver info: driver.version: ChromeDriver
remote stacktrace: 	GetHandleVerifier [0x010E1673+52979]
	(No symbol) [0x01067961]
	(No symbol) [0x00F4DD3D]
	(No symbol) [0x00F79981]
	(No symbol) [0x00F78ED4]
	(No symbol) [0x00F74794]
	(No symbol) [0x00F712F9]
	(No symbol) [0x00FAD2B1]
	(No symbol) [0x00FACE5A]
	(No symbol) [0x00FA4286]
	(No symbol) [0x00F7C063]
	(No symbol) [0x00F7CECD]
	GetHandleVerifier [0x013F8D83+3294723]
	GetHandleVerifier [0x01436CC2+3548482]
	GetHandleVerifier [0x01431C9C+3527964]
	GetHandleVerifier [0x0117870E+671630]
	(No symbol) [0x01071EB4]
	(No symbol) [0x0106D808]
	(No symbol) [0x0106D92D]
	(No symbol) [0x0105F7E0]
	BaseThreadInitThunk [0x75BB7BA9+25]
	RtlInitializeExceptionChain [0x7744BE3B+107]
	RtlClearBits [0x7744BDBF+191]
">
      <![CDATA[org.openqa.selenium.SessionNotCreatedException: session not created: This version of ChromeDriver only supports Chrome version 121
Current browser version is 124.0.6367.209 with binary path C:\Program Files\Google\Chrome\Application\chrome.exe
Build info: version: '3.141.59', revision: 'e82be7d358', time: '2018-11-14T08:17:03'
System info: host: 'CHANDRRA_PRASD', ip: '192.168.31.10', os.name: 'Windows 11', os.arch: 'amd64', os.version: '10.0', java.version: '21.0.1'
Driver info: driver.version: ChromeDriver
remote stacktrace: GetHandleVerifier [0x010E1673+52979]
(No symbol) [0x01067961]
(No symbol) [0x00F4DD3D]
(No symbol) [0x00F79981]
(No symbol) [0x00F78ED4]
(No symbol) [0x00F74794]
(No symbol) [0x00F712F9]
(No symbol) [0x00FAD2B1]
(No symbol) [0x00FACE5A]
(No symbol) [0x00FA4286]
(No symbol) [0x00F7C063]
(No symbol) [0x00F7CECD]
GetHandleVerifier [0x013F8D83+3294723]
GetHandleVerifier [0x01436CC2+3548482]
GetHandleVerifier [0x01431C9C+3527964]
GetHandleVerifier [0x0117870E+671630]
(No symbol) [0x01071EB4]
(No symbol) [0x0106D808]
(No symbol) [0x0106D92D]
(No symbol) [0x0105F7E0]
BaseThreadInitThunk [0x75BB7BA9+25]
RtlInitializeExceptionChain [0x7744BE3B+107]
RtlClearBits [0x7744BDBF+191]

at org.openqa.selenium.remote.W3CHandshakeResponse.lambda$errorHandler$0(W3CHandshakeResponse.java:62)
at org.openqa.selenium.remote.HandshakeResponse.lambda$getResponseFunction$0(HandshakeResponse.java:30)
at org.openqa.selenium.remote.ProtocolHandshake.lambda$createSession$0(ProtocolHandshake.java:126)
at java.base/java.util.stream.ReferencePipeline$3$1.accept(ReferencePipeline.java:197)
at java.base/java.util.Spliterators$ArraySpliterator.tryAdvance(Spliterators.java:1034)
at java.base/java.util.stream.ReferencePipeline.forEachWithCancel(ReferencePipeline.java:129)
at java.base/java.util.stream.AbstractPipeline.copyIntoWithCancel(AbstractPipeline.java:527)
at java.base/java.util.stream.AbstractPipeline.copyInto(AbstractPipeline.java:513)
at java.base/java.util.stream.AbstractPipeline.wrapAndCopyInto(AbstractPipeline.java:499)
at java.base/java.util.stream.FindOps$FindOp.evaluateSequential(FindOps.java:150)
at java.base/java.util.stream.AbstractPipeline.evaluate(AbstractPipeline.java:234)
at java.base/java.util.stream.ReferencePipeline.findFirst(ReferencePipeline.java:647)
at org.openqa.selenium.remote.ProtocolHandshake.createSession(ProtocolHandshake.java:128)
at org.openqa.selenium.remote.ProtocolHandshake.createSession(ProtocolHandshake.java:74)
at org.openqa.selenium.remote.HttpCommandExecutor.execute(HttpCommandExecutor.java:136)
at org.openqa.selenium.remote.service.DriverCommandExecutor.execute(DriverCommandExecutor.java:83)
at org.openqa.selenium.remote.RemoteWebDriver.execute(RemoteWebDriver.java:552)
at org.openqa.selenium.remote.RemoteWebDriver.startSession(RemoteWebDriver.java:213)
at org.openqa.selenium.remote.RemoteWebDriver.<init>(RemoteWebDriver.java:131)
at org.openqa.selenium.chrome.ChromeDriver.<init>(ChromeDriver.java:181)
at org.openqa.selenium.chrome.ChromeDriver.<init>(ChromeDriver.java:168)
at org.openqa.selenium.chrome.ChromeDriver.<init>(ChromeDriver.java:123)
at UtilityClass.BaseTest.initializeDriver(BaseTest.java:36)
at UtilityClass.BaseTest.launchApplication(BaseTest.java:60)
at java.base/java.util.ArrayList.forEach(ArrayList.java:1596)
... Removed 32 stack frames]]>
    </failure>
  </testcase> <!-- @BeforeMethod launchApplication -->
  <testcase classname="UtilityClass.BaseTest" name="@AfterMethod closeWindow" time="-1.716216722817E9">
    <skipped/>
  </testcase> <!-- @AfterMethod closeWindow -->
  <testcase classname="UtilityClass.BaseTest" name="@BeforeMethod launchApplication" time="-1.716216722818E9">
    <skipped/>
  </testcase> <!-- @BeforeMethod launchApplication -->
  <testcase classname="UtilityClass.BaseTest" name="@AfterMethod closeWindow" time="-1.716216722824E9">
    <skipped/>
  </testcase> <!-- @AfterMethod closeWindow -->
  <testcase classname="UtilityClass.BaseTest" name="@BeforeMethod launchApplication" time="1.098">
    <failure type="org.openqa.selenium.SessionNotCreatedException" message="session not created: This version of ChromeDriver only supports Chrome version 121
Current browser version is 124.0.6367.209 with binary path C:\Program Files\Google\Chrome\Application\chrome.exe
Build info: version: &amp;apos;3.141.59&amp;apos;, revision: &amp;apos;e82be7d358&amp;apos;, time: &amp;apos;2018-11-14T08:17:03&amp;apos;
System info: host: &amp;apos;CHANDRRA_PRASD&amp;apos;, ip: &amp;apos;192.168.31.10&amp;apos;, os.name: &amp;apos;Windows 11&amp;apos;, os.arch: &amp;apos;amd64&amp;apos;, os.version: &amp;apos;10.0&amp;apos;, java.version: &amp;apos;21.0.1&amp;apos;
Driver info: driver.version: ChromeDriver
remote stacktrace: 	GetHandleVerifier [0x010E1673+52979]
	(No symbol) [0x01067961]
	(No symbol) [0x00F4DD3D]
	(No symbol) [0x00F79981]
	(No symbol) [0x00F78ED4]
	(No symbol) [0x00F74794]
	(No symbol) [0x00F712F9]
	(No symbol) [0x00FAD2B1]
	(No symbol) [0x00FACE5A]
	(No symbol) [0x00FA4286]
	(No symbol) [0x00F7C063]
	(No symbol) [0x00F7CECD]
	GetHandleVerifier [0x013F8D83+3294723]
	GetHandleVerifier [0x01436CC2+3548482]
	GetHandleVerifier [0x01431C9C+3527964]
	GetHandleVerifier [0x0117870E+671630]
	(No symbol) [0x01071EB4]
	(No symbol) [0x0106D808]
	(No symbol) [0x0106D92D]
	(No symbol) [0x0105F7E0]
	BaseThreadInitThunk [0x75BB7BA9+25]
	RtlInitializeExceptionChain [0x7744BE3B+107]
	RtlClearBits [0x7744BDBF+191]
">
      <![CDATA[org.openqa.selenium.SessionNotCreatedException: session not created: This version of ChromeDriver only supports Chrome version 121
Current browser version is 124.0.6367.209 with binary path C:\Program Files\Google\Chrome\Application\chrome.exe
Build info: version: '3.141.59', revision: 'e82be7d358', time: '2018-11-14T08:17:03'
System info: host: 'CHANDRRA_PRASD', ip: '192.168.31.10', os.name: 'Windows 11', os.arch: 'amd64', os.version: '10.0', java.version: '21.0.1'
Driver info: driver.version: ChromeDriver
remote stacktrace: GetHandleVerifier [0x010E1673+52979]
(No symbol) [0x01067961]
(No symbol) [0x00F4DD3D]
(No symbol) [0x00F79981]
(No symbol) [0x00F78ED4]
(No symbol) [0x00F74794]
(No symbol) [0x00F712F9]
(No symbol) [0x00FAD2B1]
(No symbol) [0x00FACE5A]
(No symbol) [0x00FA4286]
(No symbol) [0x00F7C063]
(No symbol) [0x00F7CECD]
GetHandleVerifier [0x013F8D83+3294723]
GetHandleVerifier [0x01436CC2+3548482]
GetHandleVerifier [0x01431C9C+3527964]
GetHandleVerifier [0x0117870E+671630]
(No symbol) [0x01071EB4]
(No symbol) [0x0106D808]
(No symbol) [0x0106D92D]
(No symbol) [0x0105F7E0]
BaseThreadInitThunk [0x75BB7BA9+25]
RtlInitializeExceptionChain [0x7744BE3B+107]
RtlClearBits [0x7744BDBF+191]

at org.openqa.selenium.remote.W3CHandshakeResponse.lambda$errorHandler$0(W3CHandshakeResponse.java:62)
at org.openqa.selenium.remote.HandshakeResponse.lambda$getResponseFunction$0(HandshakeResponse.java:30)
at org.openqa.selenium.remote.ProtocolHandshake.lambda$createSession$0(ProtocolHandshake.java:126)
at java.base/java.util.stream.ReferencePipeline$3$1.accept(ReferencePipeline.java:197)
at java.base/java.util.Spliterators$ArraySpliterator.tryAdvance(Spliterators.java:1034)
at java.base/java.util.stream.ReferencePipeline.forEachWithCancel(ReferencePipeline.java:129)
at java.base/java.util.stream.AbstractPipeline.copyIntoWithCancel(AbstractPipeline.java:527)
at java.base/java.util.stream.AbstractPipeline.copyInto(AbstractPipeline.java:513)
at java.base/java.util.stream.AbstractPipeline.wrapAndCopyInto(AbstractPipeline.java:499)
at java.base/java.util.stream.FindOps$FindOp.evaluateSequential(FindOps.java:150)
at java.base/java.util.stream.AbstractPipeline.evaluate(AbstractPipeline.java:234)
at java.base/java.util.stream.ReferencePipeline.findFirst(ReferencePipeline.java:647)
at org.openqa.selenium.remote.ProtocolHandshake.createSession(ProtocolHandshake.java:128)
at org.openqa.selenium.remote.ProtocolHandshake.createSession(ProtocolHandshake.java:74)
at org.openqa.selenium.remote.HttpCommandExecutor.execute(HttpCommandExecutor.java:136)
at org.openqa.selenium.remote.service.DriverCommandExecutor.execute(DriverCommandExecutor.java:83)
at org.openqa.selenium.remote.RemoteWebDriver.execute(RemoteWebDriver.java:552)
at org.openqa.selenium.remote.RemoteWebDriver.startSession(RemoteWebDriver.java:213)
at org.openqa.selenium.remote.RemoteWebDriver.<init>(RemoteWebDriver.java:131)
at org.openqa.selenium.chrome.ChromeDriver.<init>(ChromeDriver.java:181)
at org.openqa.selenium.chrome.ChromeDriver.<init>(ChromeDriver.java:168)
at org.openqa.selenium.chrome.ChromeDriver.<init>(ChromeDriver.java:123)
at UtilityClass.BaseTest.initializeDriver(BaseTest.java:36)
at UtilityClass.BaseTest.launchApplication(BaseTest.java:60)
at java.base/java.util.ArrayList.forEach(ArrayList.java:1596)
... Removed 32 stack frames]]>
    </failure>
  </testcase> <!-- @BeforeMethod launchApplication -->
  <testcase classname="UtilityClass.BaseTest" name="@AfterMethod closeWindow" time="-1.716216723939E9">
    <skipped/>
  </testcase> <!-- @AfterMethod closeWindow -->
  <testcase classname="UtilityClass.BaseTest" name="@BeforeMethod launchApplication" time="-1.716216723941E9">
    <skipped/>
  </testcase> <!-- @BeforeMethod launchApplication -->
  <testcase classname="UtilityClass.BaseTest" name="@AfterMethod closeWindow" time="-1.716216723948E9">
    <skipped/>
  </testcase> <!-- @AfterMethod closeWindow -->
  <testcase classname="withoutFrameworkTesting.standAloneUItesting" name="submitOrder" time="0.0">
    <skipped/>
  </testcase> <!-- submitOrder -->
  <testcase classname="withoutFrameworkTesting.standAloneUItesting" name="submitOrder" time="0.0">
    <skipped/>
  </testcase> <!-- submitOrder -->
  <testcase classname="withoutFrameworkTesting.standAloneUItesting" name="orderPageValidation" time="0.0">
    <skipped/>
  </testcase> <!-- orderPageValidation -->
  <testcase classname="withoutFrameworkTesting.ErrorValidation" name="loginValidation" time="0.0">
    <skipped/>
  </testcase> <!-- loginValidation -->
  <testcase classname="withoutFrameworkTesting.ErrorValidation" name="selectCountryInputValidation" time="0.0">
    <skipped/>
  </testcase> <!-- selectCountryInputValidation -->
</testsuite> <!-- Test -->
