<?xml version="1.0" encoding="UTF-8"?>
<!-- Generated by org.testng.reporters.JUnitXMLReporter -->
<testsuite ignored="0" hostname="Chandrra_Prasd" failures="1" tests="5" name="Test" time="44.188" errors="0" timestamp="2024-05-21T14:22:55 IST">
  <testcase classname="withoutFrameworkTesting.standAloneUItesting" name="submitOrder" time="7.213"/>
  <testcase classname="withoutFrameworkTesting.standAloneUItesting" name="submitOrder" time="6.747"/>
  <testcase classname="withoutFrameworkTesting.standAloneUItesting" name="orderPageValidation" time="2.454"/>
  <testcase classname="withoutFrameworkTesting.ErrorValidation" name="loginValidation" time="1.001">
    <failure type="java.lang.AssertionError" message="expected [Incorrect email or password] but found [Incorrect email or password.]">
      <![CDATA[java.lang.AssertionError: expected [Incorrect email or password] but found [Incorrect email or password.]
at withoutFrameworkTesting.ErrorValidation.loginValidation(ErrorValidation.java:16)
at java.base/java.util.ArrayList.forEach(ArrayList.java:1596)
... Removed 30 stack frames]]>
    </failure>
  </testcase> <!-- loginValidation -->
  <testcase classname="withoutFrameworkTesting.ErrorValidation" name="selectCountryInputValidation" time="4.364"/>
</testsuite> <!-- Test -->
