<?xml version="1.0" encoding="UTF-8"?>
<testng-results ignored="0" total="5" passed="4" failed="1" skipped="0">
  <reporter-output>
  </reporter-output>
  <suite started-at="2024-05-21T14:22:11 IST" name="Suite" finished-at="2024-05-21T14:22:55 IST" duration-ms="44188">
    <groups>
    </groups>
    <test started-at="2024-05-21T14:22:11 IST" name="Test" finished-at="2024-05-21T14:22:55 IST" duration-ms="44188">
      <class name="withoutFrameworkTesting.standAloneUItesting">
        <test-method is-config="true" signature="launchApplication()[pri:0, instance:withoutFrameworkTesting.standAloneUItesting@33065d67]" started-at="2024-05-21T14:22:11 IST" name="launchApplication" finished-at="2024-05-21T14:22:16 IST" duration-ms="4771" status="PASS">
          <reporter-output>
          </reporter-output>
        </test-method> <!-- launchApplication -->
        <test-method signature="submitOrder(java.util.HashMap)[pri:0, instance:withoutFrameworkTesting.standAloneUItesting@33065d67]" started-at="2024-05-21T14:22:16 IST" name="submitOrder" data-provider="getData" finished-at="2024-05-21T14:22:23 IST" duration-ms="7213" status="PASS">
          <params>
            <param index="0">
              <value>
                <![CDATA[{password=Iamking@000, product=ZARA COAT 3, email=anshika@gmail.com}]]>
              </value>
            </param>
          </params>
          <reporter-output>
          </reporter-output>
        </test-method> <!-- submitOrder -->
        <test-method is-config="true" signature="closeWindow()[pri:0, instance:withoutFrameworkTesting.standAloneUItesting@33065d67]" started-at="2024-05-21T14:22:23 IST" name="closeWindow" finished-at="2024-05-21T14:22:24 IST" duration-ms="70" status="PASS">
          <reporter-output>
          </reporter-output>
        </test-method> <!-- closeWindow -->
        <test-method is-config="true" signature="launchApplication()[pri:0, instance:withoutFrameworkTesting.standAloneUItesting@33065d67]" started-at="2024-05-21T14:22:24 IST" name="launchApplication" finished-at="2024-05-21T14:22:27 IST" duration-ms="3799" status="PASS">
          <reporter-output>
          </reporter-output>
        </test-method> <!-- launchApplication -->
        <test-method signature="submitOrder(java.util.HashMap)[pri:0, instance:withoutFrameworkTesting.standAloneUItesting@33065d67]" started-at="2024-05-21T14:22:27 IST" name="submitOrder" data-provider="getData" finished-at="2024-05-21T14:22:34 IST" duration-ms="6747" status="PASS">
          <params>
            <param index="0">
              <value>
                <![CDATA[{password=Raj@9211, product=ADIDAS ORIGINAL, email=raj1105@gmail.com}]]>
              </value>
            </param>
          </params>
          <reporter-output>
          </reporter-output>
        </test-method> <!-- submitOrder -->
        <test-method is-config="true" signature="closeWindow()[pri:0, instance:withoutFrameworkTesting.standAloneUItesting@33065d67]" started-at="2024-05-21T14:22:34 IST" name="closeWindow" finished-at="2024-05-21T14:22:34 IST" duration-ms="60" status="PASS">
          <reporter-output>
          </reporter-output>
        </test-method> <!-- closeWindow -->
        <test-method is-config="true" signature="launchApplication()[pri:0, instance:withoutFrameworkTesting.standAloneUItesting@33065d67]" started-at="2024-05-21T14:22:34 IST" name="launchApplication" finished-at="2024-05-21T14:22:39 IST" duration-ms="4945" status="PASS">
          <reporter-output>
          </reporter-output>
        </test-method> <!-- launchApplication -->
        <test-method signature="orderPageValidation()[pri:0, instance:withoutFrameworkTesting.standAloneUItesting@33065d67]" started-at="2024-05-21T14:22:39 IST" name="orderPageValidation" finished-at="2024-05-21T14:22:42 IST" depends-on-methods="withoutFrameworkTesting.standAloneUItesting.submitOrder" duration-ms="2454" status="PASS">
          <reporter-output>
          </reporter-output>
        </test-method> <!-- orderPageValidation -->
        <test-method is-config="true" signature="closeWindow()[pri:0, instance:withoutFrameworkTesting.standAloneUItesting@33065d67]" started-at="2024-05-21T14:22:42 IST" name="closeWindow" finished-at="2024-05-21T14:22:42 IST" duration-ms="102" status="PASS">
          <reporter-output>
          </reporter-output>
        </test-method> <!-- closeWindow -->
      </class> <!-- withoutFrameworkTesting.standAloneUItesting -->
      <class name="withoutFrameworkTesting.ErrorValidation">
        <test-method is-config="true" signature="launchApplication()[pri:0, instance:withoutFrameworkTesting.ErrorValidation@712625fd]" started-at="2024-05-21T14:22:42 IST" name="launchApplication" finished-at="2024-05-21T14:22:45 IST" duration-ms="3603" status="PASS">
          <reporter-output>
          </reporter-output>
        </test-method> <!-- launchApplication -->
        <test-method signature="loginValidation()[pri:0, instance:withoutFrameworkTesting.ErrorValidation@712625fd]" started-at="2024-05-21T14:22:45 IST" name="loginValidation" finished-at="2024-05-21T14:22:46 IST" duration-ms="1001" status="FAIL">
          <exception class="java.lang.AssertionError">
            <message>
              <![CDATA[expected [Incorrect email or password] but found [Incorrect email or password.]]]>
            </message>
            <full-stacktrace>
              <![CDATA[java.lang.AssertionError: expected [Incorrect email or password] but found [Incorrect email or password.]
at org.testng.Assert.fail(Assert.java:97)
at org.testng.Assert.assertEqualsImpl(Assert.java:136)
at org.testng.Assert.assertEquals(Assert.java:118)
at org.testng.Assert.assertEquals(Assert.java:575)
at org.testng.Assert.assertEquals(Assert.java:585)
at withoutFrameworkTesting.ErrorValidation.loginValidation(ErrorValidation.java:16)
at java.base/jdk.internal.reflect.DirectMethodHandleAccessor.invoke(DirectMethodHandleAccessor.java:103)
at java.base/java.lang.reflect.Method.invoke(Method.java:580)
at org.testng.internal.MethodInvocationHelper.invokeMethod(MethodInvocationHelper.java:134)
at org.testng.internal.TestInvoker.invokeMethod(TestInvoker.java:597)
at org.testng.internal.TestInvoker.invokeTestMethod(TestInvoker.java:173)
at org.testng.internal.MethodRunner.runInSequence(MethodRunner.java:46)
at org.testng.internal.TestInvoker$MethodInvocationAgent.invoke(TestInvoker.java:816)
at org.testng.internal.TestInvoker.invokeTestMethods(TestInvoker.java:146)
at org.testng.internal.TestMethodWorker.invokeTestMethods(TestMethodWorker.java:146)
at org.testng.internal.TestMethodWorker.run(TestMethodWorker.java:128)
at java.base/java.util.ArrayList.forEach(ArrayList.java:1596)
at org.testng.TestRunner.privateRun(TestRunner.java:766)
at org.testng.TestRunner.run(TestRunner.java:587)
at org.testng.SuiteRunner.runTest(SuiteRunner.java:384)
at org.testng.SuiteRunner.runSequentially(SuiteRunner.java:378)
at org.testng.SuiteRunner.privateRun(SuiteRunner.java:337)
at org.testng.SuiteRunner.run(SuiteRunner.java:286)
at org.testng.SuiteRunnerWorker.runSuite(SuiteRunnerWorker.java:53)
at org.testng.SuiteRunnerWorker.run(SuiteRunnerWorker.java:96)
at org.testng.TestNG.runSuitesSequentially(TestNG.java:1187)
at org.testng.TestNG.runSuitesLocally(TestNG.java:1109)
at org.testng.TestNG.runSuites(TestNG.java:1039)
at org.testng.TestNG.run(TestNG.java:1007)
at org.testng.remote.AbstractRemoteTestNG.run(AbstractRemoteTestNG.java:115)
at org.testng.remote.RemoteTestNG.initAndRun(RemoteTestNG.java:251)
at org.testng.remote.RemoteTestNG.main(RemoteTestNG.java:77)
]]>
            </full-stacktrace>
          </exception> <!-- java.lang.AssertionError -->
          <reporter-output>
          </reporter-output>
        </test-method> <!-- loginValidation -->
        <test-method is-config="true" signature="closeWindow()[pri:0, instance:withoutFrameworkTesting.ErrorValidation@712625fd]" started-at="2024-05-21T14:22:47 IST" name="closeWindow" finished-at="2024-05-21T14:22:47 IST" duration-ms="90" status="PASS">
          <reporter-output>
          </reporter-output>
        </test-method> <!-- closeWindow -->
        <test-method is-config="true" signature="launchApplication()[pri:0, instance:withoutFrameworkTesting.ErrorValidation@712625fd]" started-at="2024-05-21T14:22:47 IST" name="launchApplication" finished-at="2024-05-21T14:22:51 IST" duration-ms="4217" status="PASS">
          <reporter-output>
          </reporter-output>
        </test-method> <!-- launchApplication -->
        <test-method signature="selectCountryInputValidation()[pri:0, instance:withoutFrameworkTesting.ErrorValidation@712625fd]" started-at="2024-05-21T14:22:51 IST" name="selectCountryInputValidation" finished-at="2024-05-21T14:22:55 IST" duration-ms="4364" status="PASS">
          <reporter-output>
          </reporter-output>
        </test-method> <!-- selectCountryInputValidation -->
        <test-method is-config="true" signature="closeWindow()[pri:0, instance:withoutFrameworkTesting.ErrorValidation@712625fd]" started-at="2024-05-21T14:22:55 IST" name="closeWindow" finished-at="2024-05-21T14:22:55 IST" duration-ms="72" status="PASS">
          <reporter-output>
          </reporter-output>
        </test-method> <!-- closeWindow -->
      </class> <!-- withoutFrameworkTesting.ErrorValidation -->
    </test> <!-- Test -->
  </suite> <!-- Suite -->
</testng-results>
